{"/Users/antonmelbardis/Developement/WDI_GROUP_PROJECT/index.js":{"path":"/Users/antonmelbardis/Developement/WDI_GROUP_PROJECT/index.js","s":{"1":1,"2":1,"3":1,"4":1,"5":1,"6":1,"7":1,"8":1,"9":1,"10":1,"11":1,"12":1,"13":1,"14":1,"15":1,"16":1,"17":1,"18":1,"19":1,"20":1,"21":1,"22":1,"23":1,"24":0,"25":0,"26":0,"27":1,"28":1,"29":0,"30":1,"31":1,"32":1},"b":{"1":[1,0],"2":[0,0]},"f":{"1":0},"fnMap":{"1":{"name":"jwtErrorHandler","line":34,"loc":{"start":{"line":34,"column":0},"end":{"line":34,"column":45}}}},"statementMap":{"1":{"start":{"line":1,"column":0},"end":{"line":1,"column":35}},"2":{"start":{"line":2,"column":0},"end":{"line":2,"column":37}},"3":{"start":{"line":3,"column":0},"end":{"line":3,"column":37}},"4":{"start":{"line":4,"column":0},"end":{"line":4,"column":33}},"5":{"start":{"line":5,"column":0},"end":{"line":5,"column":42}},"6":{"start":{"line":6,"column":0},"end":{"line":6,"column":29}},"7":{"start":{"line":7,"column":0},"end":{"line":7,"column":42}},"8":{"start":{"line":8,"column":0},"end":{"line":8,"column":42}},"9":{"start":{"line":9,"column":0},"end":{"line":9,"column":42}},"10":{"start":{"line":10,"column":0},"end":{"line":10,"column":38}},"11":{"start":{"line":11,"column":0},"end":{"line":11,"column":26}},"12":{"start":{"line":13,"column":0},"end":{"line":13,"column":33}},"13":{"start":{"line":14,"column":0},"end":{"line":14,"column":28}},"14":{"start":{"line":16,"column":0},"end":{"line":16,"column":53}},"15":{"start":{"line":16,"column":37},"end":{"line":16,"column":53}},"16":{"start":{"line":17,"column":0},"end":{"line":17,"column":23}},"17":{"start":{"line":18,"column":0},"end":{"line":18,"column":27}},"18":{"start":{"line":19,"column":0},"end":{"line":19,"column":50}},"19":{"start":{"line":20,"column":0},"end":{"line":20,"column":30}},"20":{"start":{"line":21,"column":0},"end":{"line":21,"column":24}},"21":{"start":{"line":23,"column":0},"end":{"line":31,"column":4}},"22":{"start":{"line":33,"column":0},"end":{"line":33,"column":25}},"23":{"start":{"line":34,"column":0},"end":{"line":37,"column":1}},"24":{"start":{"line":35,"column":2},"end":{"line":35,"column":54}},"25":{"start":{"line":35,"column":40},"end":{"line":35,"column":54}},"26":{"start":{"line":36,"column":2},"end":{"line":36,"column":67}},"27":{"start":{"line":39,"column":0},"end":{"line":39,"column":24}},"28":{"start":{"line":40,"column":0},"end":{"line":40,"column":64}},"29":{"start":{"line":40,"column":28},"end":{"line":40,"column":62}},"30":{"start":{"line":42,"column":0},"end":{"line":42,"column":90}},"31":{"start":{"line":42,"column":30},"end":{"line":42,"column":88}},"32":{"start":{"line":44,"column":0},"end":{"line":44,"column":21}}},"branchMap":{"1":{"line":16,"type":"if","locations":[{"start":{"line":16,"column":0},"end":{"line":16,"column":0}},{"start":{"line":16,"column":0},"end":{"line":16,"column":0}}]},"2":{"line":35,"type":"if","locations":[{"start":{"line":35,"column":2},"end":{"line":35,"column":2}},{"start":{"line":35,"column":2},"end":{"line":35,"column":2}}]}}},"/Users/antonmelbardis/Developement/WDI_GROUP_PROJECT/config/config.js":{"path":"/Users/antonmelbardis/Developement/WDI_GROUP_PROJECT/config/config.js","s":{"1":1},"b":{"1":[1,1],"2":[1,1],"3":[1,1],"4":[1,0]},"f":{},"fnMap":{},"statementMap":{"1":{"start":{"line":1,"column":0},"end":{"line":10,"column":2}}},"branchMap":{"1":{"line":2,"type":"binary-expr","locations":[{"start":{"line":2,"column":8},"end":{"line":2,"column":24}},{"start":{"line":2,"column":28},"end":{"line":2,"column":32}}]},"2":{"line":6,"type":"binary-expr","locations":[{"start":{"line":6,"column":16},"end":{"line":6,"column":39}},{"start":{"line":6,"column":43},"end":{"line":6,"column":82}}]},"3":{"line":8,"type":"binary-expr","locations":[{"start":{"line":8,"column":10},"end":{"line":8,"column":28}},{"start":{"line":8,"column":32},"end":{"line":8,"column":51}}]},"4":{"line":9,"type":"binary-expr","locations":[{"start":{"line":9,"column":7},"end":{"line":9,"column":27}},{"start":{"line":9,"column":31},"end":{"line":9,"column":45}}]}}},"/Users/antonmelbardis/Developement/WDI_GROUP_PROJECT/config/routes.js":{"path":"/Users/antonmelbardis/Developement/WDI_GROUP_PROJECT/config/routes.js","s":{"1":1,"2":1,"3":1,"4":1,"5":1,"6":1,"7":1,"8":1,"9":1,"10":1,"11":1,"12":1,"13":1,"14":1,"15":1,"16":1,"17":1},"b":{},"f":{},"fnMap":{},"statementMap":{"1":{"start":{"line":1,"column":0},"end":{"line":1,"column":35}},"2":{"start":{"line":2,"column":0},"end":{"line":2,"column":32}},"3":{"start":{"line":4,"column":0},"end":{"line":4,"column":66}},"4":{"start":{"line":5,"column":0},"end":{"line":5,"column":46}},"5":{"start":{"line":6,"column":0},"end":{"line":6,"column":56}},"6":{"start":{"line":7,"column":0},"end":{"line":7,"column":46}},"7":{"start":{"line":9,"column":0},"end":{"line":10,"column":32}},"8":{"start":{"line":11,"column":0},"end":{"line":12,"column":29}},"9":{"start":{"line":14,"column":0},"end":{"line":15,"column":18}},"10":{"start":{"line":16,"column":0},"end":{"line":19,"column":22}},"11":{"start":{"line":21,"column":0},"end":{"line":22,"column":23}},"12":{"start":{"line":23,"column":0},"end":{"line":24,"column":22}},"13":{"start":{"line":26,"column":0},"end":{"line":27,"column":24}},"14":{"start":{"line":29,"column":0},"end":{"line":30,"column":18}},"15":{"start":{"line":31,"column":0},"end":{"line":32,"column":17}},"16":{"start":{"line":33,"column":0},"end":{"line":34,"column":17}},"17":{"start":{"line":36,"column":0},"end":{"line":36,"column":24}}},"branchMap":{}},"/Users/antonmelbardis/Developement/WDI_GROUP_PROJECT/controllers/authentications.js":{"path":"/Users/antonmelbardis/Developement/WDI_GROUP_PROJECT/controllers/authentications.js","s":{"1":1,"2":1,"3":1,"4":1,"5":1,"6":0,"7":0,"8":0,"9":0,"10":0,"11":1,"12":0,"13":0,"14":0,"15":0,"16":0,"17":0,"18":0},"b":{"1":[0,0],"2":[0,0],"3":[0,0],"4":[0,0]},"f":{"1":0,"2":0},"fnMap":{"1":{"name":"authenticationsRegister","line":10,"loc":{"start":{"line":10,"column":0},"end":{"line":10,"column":42}}},"2":{"name":"authenticationsLogin","line":22,"loc":{"start":{"line":22,"column":0},"end":{"line":22,"column":39}}}},"statementMap":{"1":{"start":{"line":1,"column":0},"end":{"line":4,"column":2}},"2":{"start":{"line":6,"column":0},"end":{"line":6,"column":36}},"3":{"start":{"line":7,"column":0},"end":{"line":7,"column":43}},"4":{"start":{"line":8,"column":0},"end":{"line":8,"column":39}},"5":{"start":{"line":10,"column":0},"end":{"line":20,"column":1}},"6":{"start":{"line":11,"column":2},"end":{"line":19,"column":5}},"7":{"start":{"line":12,"column":4},"end":{"line":12,"column":78}},"8":{"start":{"line":12,"column":13},"end":{"line":12,"column":78}},"9":{"start":{"line":13,"column":4},"end":{"line":13,"column":107}},"10":{"start":{"line":14,"column":4},"end":{"line":18,"column":7}},"11":{"start":{"line":22,"column":0},"end":{"line":38,"column":1}},"12":{"start":{"line":23,"column":2},"end":{"line":37,"column":5}},"13":{"start":{"line":24,"column":4},"end":{"line":24,"column":78}},"14":{"start":{"line":24,"column":13},"end":{"line":24,"column":78}},"15":{"start":{"line":25,"column":4},"end":{"line":27,"column":5}},"16":{"start":{"line":26,"column":6},"end":{"line":26,"column":62}},"17":{"start":{"line":29,"column":4},"end":{"line":29,"column":107}},"18":{"start":{"line":31,"column":4},"end":{"line":35,"column":7}}},"branchMap":{"1":{"line":12,"type":"if","locations":[{"start":{"line":12,"column":4},"end":{"line":12,"column":4}},{"start":{"line":12,"column":4},"end":{"line":12,"column":4}}]},"2":{"line":24,"type":"if","locations":[{"start":{"line":24,"column":4},"end":{"line":24,"column":4}},{"start":{"line":24,"column":4},"end":{"line":24,"column":4}}]},"3":{"line":25,"type":"if","locations":[{"start":{"line":25,"column":4},"end":{"line":25,"column":4}},{"start":{"line":25,"column":4},"end":{"line":25,"column":4}}]},"4":{"line":25,"type":"binary-expr","locations":[{"start":{"line":25,"column":8},"end":{"line":25,"column":13}},{"start":{"line":25,"column":17},"end":{"line":25,"column":58}}]}}},"/Users/antonmelbardis/Developement/WDI_GROUP_PROJECT/models/user.js":{"path":"/Users/antonmelbardis/Developement/WDI_GROUP_PROJECT/models/user.js","s":{"1":1,"2":1,"3":1,"4":1,"5":1,"6":1,"7":1,"8":1,"9":1,"10":1,"11":1,"12":1,"13":1,"14":1,"15":1,"16":7,"17":7,"18":1,"19":7,"20":1,"21":7,"22":7,"23":0,"24":7,"25":0,"26":7,"27":0,"28":1,"29":7,"30":0,"31":1,"32":0},"b":{"1":[7,0],"2":[0,7],"3":[0,7],"4":[0,7],"5":[0,7]},"f":{"1":1,"2":7,"3":7,"4":7,"5":7,"6":0},"fnMap":{"1":{"name":"(anonymous_1)","line":41,"loc":{"start":{"line":41,"column":13},"end":{"line":41,"column":32}}},"2":{"name":"setPassword","line":50,"loc":{"start":{"line":50,"column":0},"end":{"line":50,"column":27}}},"3":{"name":"setPasswordConfirmation","line":55,"loc":{"start":{"line":55,"column":0},"end":{"line":55,"column":55}}},"4":{"name":"validatePasswordHash","line":59,"loc":{"start":{"line":59,"column":0},"end":{"line":59,"column":32}}},"5":{"name":"validateEmail","line":75,"loc":{"start":{"line":75,"column":0},"end":{"line":75,"column":30}}},"6":{"name":"validatePassword","line":81,"loc":{"start":{"line":81,"column":0},"end":{"line":81,"column":35}}}},"statementMap":{"1":{"start":{"line":1,"column":0},"end":{"line":1,"column":37}},"2":{"start":{"line":2,"column":0},"end":{"line":2,"column":33}},"3":{"start":{"line":3,"column":0},"end":{"line":3,"column":39}},"4":{"start":{"line":5,"column":0},"end":{"line":20,"column":3}},"5":{"start":{"line":22,"column":0},"end":{"line":24,"column":18}},"6":{"start":{"line":26,"column":0},"end":{"line":28,"column":30}},"7":{"start":{"line":30,"column":0},"end":{"line":32,"column":32}},"8":{"start":{"line":34,"column":0},"end":{"line":36,"column":25}},"9":{"start":{"line":38,"column":0},"end":{"line":38,"column":55}},"10":{"start":{"line":40,"column":0},"end":{"line":46,"column":3}},"11":{"start":{"line":42,"column":4},"end":{"line":42,"column":28}},"12":{"start":{"line":43,"column":4},"end":{"line":43,"column":19}},"13":{"start":{"line":44,"column":4},"end":{"line":44,"column":15}},"14":{"start":{"line":48,"column":0},"end":{"line":48,"column":52}},"15":{"start":{"line":50,"column":0},"end":{"line":53,"column":1}},"16":{"start":{"line":51,"column":2},"end":{"line":51,"column":28}},"17":{"start":{"line":52,"column":2},"end":{"line":52,"column":68}},"18":{"start":{"line":55,"column":0},"end":{"line":57,"column":1}},"19":{"start":{"line":56,"column":2},"end":{"line":56,"column":52}},"20":{"start":{"line":59,"column":0},"end":{"line":73,"column":1}},"21":{"start":{"line":60,"column":2},"end":{"line":72,"column":3}},"22":{"start":{"line":61,"column":4},"end":{"line":63,"column":5}},"23":{"start":{"line":62,"column":6},"end":{"line":62,"column":68}},"24":{"start":{"line":65,"column":4},"end":{"line":67,"column":5}},"25":{"start":{"line":66,"column":6},"end":{"line":66,"column":68}},"26":{"start":{"line":69,"column":4},"end":{"line":71,"column":5}},"27":{"start":{"line":70,"column":6},"end":{"line":70,"column":80}},"28":{"start":{"line":75,"column":0},"end":{"line":79,"column":1}},"29":{"start":{"line":76,"column":2},"end":{"line":78,"column":3}},"30":{"start":{"line":77,"column":4},"end":{"line":77,"column":69}},"31":{"start":{"line":81,"column":0},"end":{"line":83,"column":1}},"32":{"start":{"line":82,"column":2},"end":{"line":82,"column":57}}},"branchMap":{"1":{"line":60,"type":"if","locations":[{"start":{"line":60,"column":2},"end":{"line":60,"column":2}},{"start":{"line":60,"column":2},"end":{"line":60,"column":2}}]},"2":{"line":61,"type":"if","locations":[{"start":{"line":61,"column":4},"end":{"line":61,"column":4}},{"start":{"line":61,"column":4},"end":{"line":61,"column":4}}]},"3":{"line":65,"type":"if","locations":[{"start":{"line":65,"column":4},"end":{"line":65,"column":4}},{"start":{"line":65,"column":4},"end":{"line":65,"column":4}}]},"4":{"line":69,"type":"if","locations":[{"start":{"line":69,"column":4},"end":{"line":69,"column":4}},{"start":{"line":69,"column":4},"end":{"line":69,"column":4}}]},"5":{"line":76,"type":"if","locations":[{"start":{"line":76,"column":2},"end":{"line":76,"column":2}},{"start":{"line":76,"column":2},"end":{"line":76,"column":2}}]}}},"/Users/antonmelbardis/Developement/WDI_GROUP_PROJECT/controllers/users.js":{"path":"/Users/antonmelbardis/Developement/WDI_GROUP_PROJECT/controllers/users.js","s":{"1":1,"2":1,"3":1,"4":1,"5":1,"6":0,"7":1,"8":1,"9":0,"10":0,"11":0,"12":0,"13":0,"14":0,"15":1,"16":0,"17":0,"18":0,"19":0,"20":0,"21":0,"22":1,"23":0,"24":0,"25":0,"26":0,"27":0,"28":0},"b":{"1":[0,1],"2":[0,0],"3":[0,0],"4":[0,0],"5":[0,0],"6":[0,0],"7":[0,0]},"f":{"1":1,"2":0,"3":0,"4":0},"fnMap":{"1":{"name":"usersIndex","line":10,"loc":{"start":{"line":10,"column":0},"end":{"line":10,"column":30}}},"2":{"name":"usersShow","line":17,"loc":{"start":{"line":17,"column":0},"end":{"line":17,"column":29}}},"3":{"name":"usersUpdate","line":26,"loc":{"start":{"line":26,"column":0},"end":{"line":26,"column":31}}},"4":{"name":"usersDelete","line":34,"loc":{"start":{"line":34,"column":0},"end":{"line":34,"column":31}}}},"statementMap":{"1":{"start":{"line":1,"column":0},"end":{"line":6,"column":2}},"2":{"start":{"line":8,"column":0},"end":{"line":8,"column":39}},"3":{"start":{"line":10,"column":0},"end":{"line":15,"column":1}},"4":{"start":{"line":11,"column":2},"end":{"line":14,"column":5}},"5":{"start":{"line":12,"column":4},"end":{"line":12,"column":76}},"6":{"start":{"line":12,"column":12},"end":{"line":12,"column":76}},"7":{"start":{"line":13,"column":4},"end":{"line":13,"column":39}},"8":{"start":{"line":17,"column":0},"end":{"line":24,"column":1}},"9":{"start":{"line":18,"column":2},"end":{"line":23,"column":5}},"10":{"start":{"line":20,"column":4},"end":{"line":20,"column":77}},"11":{"start":{"line":20,"column":13},"end":{"line":20,"column":77}},"12":{"start":{"line":21,"column":4},"end":{"line":21,"column":72}},"13":{"start":{"line":21,"column":14},"end":{"line":21,"column":72}},"14":{"start":{"line":22,"column":4},"end":{"line":22,"column":38}},"15":{"start":{"line":26,"column":0},"end":{"line":32,"column":1}},"16":{"start":{"line":27,"column":2},"end":{"line":31,"column":5}},"17":{"start":{"line":28,"column":4},"end":{"line":28,"column":77}},"18":{"start":{"line":28,"column":13},"end":{"line":28,"column":77}},"19":{"start":{"line":29,"column":4},"end":{"line":29,"column":72}},"20":{"start":{"line":29,"column":14},"end":{"line":29,"column":72}},"21":{"start":{"line":30,"column":4},"end":{"line":30,"column":38}},"22":{"start":{"line":34,"column":0},"end":{"line":40,"column":1}},"23":{"start":{"line":35,"column":2},"end":{"line":39,"column":5}},"24":{"start":{"line":36,"column":4},"end":{"line":36,"column":77}},"25":{"start":{"line":36,"column":13},"end":{"line":36,"column":77}},"26":{"start":{"line":37,"column":4},"end":{"line":37,"column":72}},"27":{"start":{"line":37,"column":14},"end":{"line":37,"column":72}},"28":{"start":{"line":38,"column":4},"end":{"line":38,"column":31}}},"branchMap":{"1":{"line":12,"type":"if","locations":[{"start":{"line":12,"column":4},"end":{"line":12,"column":4}},{"start":{"line":12,"column":4},"end":{"line":12,"column":4}}]},"2":{"line":20,"type":"if","locations":[{"start":{"line":20,"column":4},"end":{"line":20,"column":4}},{"start":{"line":20,"column":4},"end":{"line":20,"column":4}}]},"3":{"line":21,"type":"if","locations":[{"start":{"line":21,"column":4},"end":{"line":21,"column":4}},{"start":{"line":21,"column":4},"end":{"line":21,"column":4}}]},"4":{"line":28,"type":"if","locations":[{"start":{"line":28,"column":4},"end":{"line":28,"column":4}},{"start":{"line":28,"column":4},"end":{"line":28,"column":4}}]},"5":{"line":29,"type":"if","locations":[{"start":{"line":29,"column":4},"end":{"line":29,"column":4}},{"start":{"line":29,"column":4},"end":{"line":29,"column":4}}]},"6":{"line":36,"type":"if","locations":[{"start":{"line":36,"column":4},"end":{"line":36,"column":4}},{"start":{"line":36,"column":4},"end":{"line":36,"column":4}}]},"7":{"line":37,"type":"if","locations":[{"start":{"line":37,"column":4},"end":{"line":37,"column":4}},{"start":{"line":37,"column":4},"end":{"line":37,"column":4}}]}}},"/Users/antonmelbardis/Developement/WDI_GROUP_PROJECT/controllers/allotments.js":{"path":"/Users/antonmelbardis/Developement/WDI_GROUP_PROJECT/controllers/allotments.js","s":{"1":1,"2":1,"3":1,"4":1,"5":3,"6":3,"7":0,"8":3,"9":1,"10":0,"11":0,"12":0,"13":0,"14":0,"15":0,"16":1,"17":0,"18":0,"19":0,"20":0,"21":0,"22":0,"23":0},"b":{"1":[0,3],"2":[0,0],"3":[0,0],"4":[0,0]},"f":{"1":3,"2":0,"3":0},"fnMap":{"1":{"name":"allotmentsIndex","line":10,"loc":{"start":{"line":10,"column":0},"end":{"line":10,"column":35}}},"2":{"name":"allotmentsShow","line":17,"loc":{"start":{"line":17,"column":0},"end":{"line":17,"column":34}}},"3":{"name":"allotmentsSave","line":25,"loc":{"start":{"line":25,"column":0},"end":{"line":25,"column":34}}}},"statementMap":{"1":{"start":{"line":1,"column":0},"end":{"line":5,"column":2}},"2":{"start":{"line":7,"column":0},"end":{"line":7,"column":49}},"3":{"start":{"line":8,"column":0},"end":{"line":8,"column":44}},"4":{"start":{"line":10,"column":0},"end":{"line":15,"column":1}},"5":{"start":{"line":11,"column":2},"end":{"line":14,"column":5}},"6":{"start":{"line":12,"column":4},"end":{"line":12,"column":76}},"7":{"start":{"line":12,"column":12},"end":{"line":12,"column":76}},"8":{"start":{"line":13,"column":4},"end":{"line":13,"column":44}},"9":{"start":{"line":17,"column":0},"end":{"line":23,"column":1}},"10":{"start":{"line":18,"column":2},"end":{"line":22,"column":5}},"11":{"start":{"line":19,"column":4},"end":{"line":19,"column":77}},"12":{"start":{"line":19,"column":13},"end":{"line":19,"column":77}},"13":{"start":{"line":20,"column":4},"end":{"line":20,"column":82}},"14":{"start":{"line":20,"column":19},"end":{"line":20,"column":82}},"15":{"start":{"line":21,"column":4},"end":{"line":21,"column":43}},"16":{"start":{"line":25,"column":0},"end":{"line":40,"column":1}},"17":{"start":{"line":26,"column":2},"end":{"line":39,"column":45}},"18":{"start":{"line":30,"column":6},"end":{"line":37,"column":7}},"19":{"start":{"line":31,"column":8},"end":{"line":31,"column":44}},"20":{"start":{"line":32,"column":8},"end":{"line":32,"column":20}},"21":{"start":{"line":34,"column":8},"end":{"line":34,"column":35}},"22":{"start":{"line":36,"column":8},"end":{"line":36,"column":69}},"23":{"start":{"line":39,"column":18},"end":{"line":39,"column":43}}},"branchMap":{"1":{"line":12,"type":"if","locations":[{"start":{"line":12,"column":4},"end":{"line":12,"column":4}},{"start":{"line":12,"column":4},"end":{"line":12,"column":4}}]},"2":{"line":19,"type":"if","locations":[{"start":{"line":19,"column":4},"end":{"line":19,"column":4}},{"start":{"line":19,"column":4},"end":{"line":19,"column":4}}]},"3":{"line":20,"type":"if","locations":[{"start":{"line":20,"column":4},"end":{"line":20,"column":4}},{"start":{"line":20,"column":4},"end":{"line":20,"column":4}}]},"4":{"line":30,"type":"if","locations":[{"start":{"line":30,"column":6},"end":{"line":30,"column":6}},{"start":{"line":30,"column":6},"end":{"line":30,"column":6}}]}}},"/Users/antonmelbardis/Developement/WDI_GROUP_PROJECT/models/allotment.js":{"path":"/Users/antonmelbardis/Developement/WDI_GROUP_PROJECT/models/allotment.js","s":{"1":1,"2":1,"3":1},"b":{},"f":{},"fnMap":{},"statementMap":{"1":{"start":{"line":1,"column":0},"end":{"line":1,"column":37}},"2":{"start":{"line":3,"column":0},"end":{"line":11,"column":3}},"3":{"start":{"line":13,"column":0},"end":{"line":13,"column":62}}},"branchMap":{}},"/Users/antonmelbardis/Developement/WDI_GROUP_PROJECT/controllers/crops.js":{"path":"/Users/antonmelbardis/Developement/WDI_GROUP_PROJECT/controllers/crops.js","s":{"1":1,"2":1,"3":1,"4":1,"5":3,"6":3,"7":0,"8":3,"9":1,"10":0,"11":0,"12":0,"13":0,"14":0,"15":0,"16":1,"17":0,"18":0,"19":0,"20":0,"21":0,"22":0,"23":0},"b":{"1":[0,3],"2":[0,0],"3":[0,0],"4":[0,0]},"f":{"1":3,"2":0,"3":0},"fnMap":{"1":{"name":"cropsIndex","line":10,"loc":{"start":{"line":10,"column":0},"end":{"line":10,"column":30}}},"2":{"name":"cropsShow","line":17,"loc":{"start":{"line":17,"column":0},"end":{"line":17,"column":29}}},"3":{"name":"cropsSave","line":26,"loc":{"start":{"line":26,"column":0},"end":{"line":26,"column":29}}}},"statementMap":{"1":{"start":{"line":1,"column":0},"end":{"line":5,"column":2}},"2":{"start":{"line":7,"column":0},"end":{"line":7,"column":39}},"3":{"start":{"line":8,"column":0},"end":{"line":8,"column":39}},"4":{"start":{"line":10,"column":0},"end":{"line":15,"column":1}},"5":{"start":{"line":11,"column":2},"end":{"line":14,"column":5}},"6":{"start":{"line":12,"column":4},"end":{"line":12,"column":76}},"7":{"start":{"line":12,"column":12},"end":{"line":12,"column":76}},"8":{"start":{"line":13,"column":4},"end":{"line":13,"column":39}},"9":{"start":{"line":17,"column":0},"end":{"line":24,"column":1}},"10":{"start":{"line":18,"column":2},"end":{"line":23,"column":5}},"11":{"start":{"line":20,"column":4},"end":{"line":20,"column":77}},"12":{"start":{"line":20,"column":13},"end":{"line":20,"column":77}},"13":{"start":{"line":21,"column":4},"end":{"line":21,"column":72}},"14":{"start":{"line":21,"column":14},"end":{"line":21,"column":72}},"15":{"start":{"line":22,"column":4},"end":{"line":22,"column":38}},"16":{"start":{"line":26,"column":0},"end":{"line":41,"column":1}},"17":{"start":{"line":27,"column":2},"end":{"line":40,"column":45}},"18":{"start":{"line":31,"column":6},"end":{"line":38,"column":7}},"19":{"start":{"line":32,"column":8},"end":{"line":32,"column":41}},"20":{"start":{"line":33,"column":8},"end":{"line":33,"column":20}},"21":{"start":{"line":35,"column":8},"end":{"line":35,"column":35}},"22":{"start":{"line":37,"column":8},"end":{"line":37,"column":64}},"23":{"start":{"line":40,"column":18},"end":{"line":40,"column":43}}},"branchMap":{"1":{"line":12,"type":"if","locations":[{"start":{"line":12,"column":4},"end":{"line":12,"column":4}},{"start":{"line":12,"column":4},"end":{"line":12,"column":4}}]},"2":{"line":20,"type":"if","locations":[{"start":{"line":20,"column":4},"end":{"line":20,"column":4}},{"start":{"line":20,"column":4},"end":{"line":20,"column":4}}]},"3":{"line":21,"type":"if","locations":[{"start":{"line":21,"column":4},"end":{"line":21,"column":4}},{"start":{"line":21,"column":4},"end":{"line":21,"column":4}}]},"4":{"line":31,"type":"if","locations":[{"start":{"line":31,"column":6},"end":{"line":31,"column":6}},{"start":{"line":31,"column":6},"end":{"line":31,"column":6}}]}}},"/Users/antonmelbardis/Developement/WDI_GROUP_PROJECT/models/crop.js":{"path":"/Users/antonmelbardis/Developement/WDI_GROUP_PROJECT/models/crop.js","s":{"1":1,"2":1,"3":1},"b":{},"f":{},"fnMap":{},"statementMap":{"1":{"start":{"line":1,"column":0},"end":{"line":1,"column":37}},"2":{"start":{"line":3,"column":0},"end":{"line":8,"column":3}},"3":{"start":{"line":10,"column":0},"end":{"line":10,"column":52}}},"branchMap":{}}}