TN:
SF:/Users/antonmelbardis/Developement/WDI_GROUP_PROJECT/index.js
FN:34,jwtErrorHandler
FNF:1
FNH:0
FNDA:0,jwtErrorHandler
DA:1,1
DA:2,1
DA:3,1
DA:4,1
DA:5,1
DA:6,1
DA:7,1
DA:8,1
DA:9,1
DA:10,1
DA:11,1
DA:13,1
DA:14,1
DA:16,1
DA:17,1
DA:18,1
DA:19,1
DA:20,1
DA:21,1
DA:23,1
DA:33,1
DA:34,1
DA:35,0
DA:36,0
DA:39,1
DA:40,1
DA:42,1
DA:44,1
LF:28
LH:26
BRDA:16,1,0,1
BRDA:16,1,1,0
BRDA:35,2,0,0
BRDA:35,2,1,0
BRF:4
BRH:1
end_of_record
TN:
SF:/Users/antonmelbardis/Developement/WDI_GROUP_PROJECT/config/config.js
FNF:0
FNH:0
DA:1,1
LF:1
LH:1
BRDA:2,1,0,1
BRDA:2,1,1,1
BRDA:6,2,0,1
BRDA:6,2,1,1
BRDA:8,3,0,1
BRDA:8,3,1,1
BRDA:9,4,0,1
BRDA:9,4,1,0
BRF:8
BRH:7
end_of_record
TN:
SF:/Users/antonmelbardis/Developement/WDI_GROUP_PROJECT/config/routes.js
FNF:0
FNH:0
DA:1,1
DA:2,1
DA:4,1
DA:5,1
DA:6,1
DA:7,1
DA:9,1
DA:11,1
DA:14,1
DA:16,1
DA:21,1
DA:23,1
DA:26,1
DA:29,1
DA:31,1
DA:33,1
DA:36,1
LF:17
LH:17
BRF:0
BRH:0
end_of_record
TN:
SF:/Users/antonmelbardis/Developement/WDI_GROUP_PROJECT/controllers/authentications.js
FN:10,authenticationsRegister
FN:22,authenticationsLogin
FNF:2
FNH:0
FNDA:0,authenticationsRegister
FNDA:0,authenticationsLogin
DA:1,1
DA:6,1
DA:7,1
DA:8,1
DA:10,1
DA:11,0
DA:12,0
DA:13,0
DA:14,0
DA:22,1
DA:23,0
DA:24,0
DA:25,0
DA:26,0
DA:29,0
DA:31,0
LF:16
LH:6
BRDA:12,1,0,0
BRDA:12,1,1,0
BRDA:24,2,0,0
BRDA:24,2,1,0
BRDA:25,3,0,0
BRDA:25,3,1,0
BRDA:25,4,0,0
BRDA:25,4,1,0
BRF:8
BRH:0
end_of_record
TN:
SF:/Users/antonmelbardis/Developement/WDI_GROUP_PROJECT/models/user.js
FN:41,(anonymous_1)
FN:50,setPassword
FN:55,setPasswordConfirmation
FN:59,validatePasswordHash
FN:75,validateEmail
FN:81,validatePassword
FNF:6
FNH:5
FNDA:1,(anonymous_1)
FNDA:7,setPassword
FNDA:7,setPasswordConfirmation
FNDA:7,validatePasswordHash
FNDA:7,validateEmail
FNDA:0,validatePassword
DA:1,1
DA:2,1
DA:3,1
DA:5,1
DA:22,1
DA:26,1
DA:30,1
DA:34,1
DA:38,1
DA:40,1
DA:42,1
DA:43,1
DA:44,1
DA:48,1
DA:50,1
DA:51,7
DA:52,7
DA:55,1
DA:56,7
DA:59,1
DA:60,7
DA:61,7
DA:62,0
DA:65,7
DA:66,0
DA:69,7
DA:70,0
DA:75,1
DA:76,7
DA:77,0
DA:81,1
DA:82,0
LF:32
LH:27
BRDA:60,1,0,7
BRDA:60,1,1,0
BRDA:61,2,0,0
BRDA:61,2,1,7
BRDA:65,3,0,0
BRDA:65,3,1,7
BRDA:69,4,0,0
BRDA:69,4,1,7
BRDA:76,5,0,0
BRDA:76,5,1,7
BRF:10
BRH:5
end_of_record
TN:
SF:/Users/antonmelbardis/Developement/WDI_GROUP_PROJECT/controllers/users.js
FN:10,usersIndex
FN:17,usersShow
FN:26,usersUpdate
FN:34,usersDelete
FNF:4
FNH:1
FNDA:1,usersIndex
FNDA:0,usersShow
FNDA:0,usersUpdate
FNDA:0,usersDelete
DA:1,1
DA:8,1
DA:10,1
DA:11,1
DA:12,1
DA:13,1
DA:17,1
DA:18,0
DA:20,0
DA:21,0
DA:22,0
DA:26,1
DA:27,0
DA:28,0
DA:29,0
DA:30,0
DA:34,1
DA:35,0
DA:36,0
DA:37,0
DA:38,0
LF:21
LH:9
BRDA:12,1,0,0
BRDA:12,1,1,1
BRDA:20,2,0,0
BRDA:20,2,1,0
BRDA:21,3,0,0
BRDA:21,3,1,0
BRDA:28,4,0,0
BRDA:28,4,1,0
BRDA:29,5,0,0
BRDA:29,5,1,0
BRDA:36,6,0,0
BRDA:36,6,1,0
BRDA:37,7,0,0
BRDA:37,7,1,0
BRF:14
BRH:1
end_of_record
TN:
SF:/Users/antonmelbardis/Developement/WDI_GROUP_PROJECT/controllers/allotments.js
FN:10,allotmentsIndex
FN:17,allotmentsShow
FN:25,allotmentsSave
FNF:3
FNH:1
FNDA:3,allotmentsIndex
FNDA:0,allotmentsShow
FNDA:0,allotmentsSave
DA:1,1
DA:7,1
DA:8,1
DA:10,1
DA:11,3
DA:12,3
DA:13,3
DA:17,1
DA:18,0
DA:19,0
DA:20,0
DA:21,0
DA:25,1
DA:26,0
DA:30,0
DA:31,0
DA:32,0
DA:34,0
DA:36,0
DA:39,0
LF:20
LH:9
BRDA:12,1,0,0
BRDA:12,1,1,3
BRDA:19,2,0,0
BRDA:19,2,1,0
BRDA:20,3,0,0
BRDA:20,3,1,0
BRDA:30,4,0,0
BRDA:30,4,1,0
BRF:8
BRH:1
end_of_record
TN:
SF:/Users/antonmelbardis/Developement/WDI_GROUP_PROJECT/models/allotment.js
FNF:0
FNH:0
DA:1,1
DA:3,1
DA:13,1
LF:3
LH:3
BRF:0
BRH:0
end_of_record
TN:
SF:/Users/antonmelbardis/Developement/WDI_GROUP_PROJECT/controllers/crops.js
FN:10,cropsIndex
FN:17,cropsShow
FN:26,cropsSave
FNF:3
FNH:1
FNDA:3,cropsIndex
FNDA:0,cropsShow
FNDA:0,cropsSave
DA:1,1
DA:7,1
DA:8,1
DA:10,1
DA:11,3
DA:12,3
DA:13,3
DA:17,1
DA:18,0
DA:20,0
DA:21,0
DA:22,0
DA:26,1
DA:27,0
DA:31,0
DA:32,0
DA:33,0
DA:35,0
DA:37,0
DA:40,0
LF:20
LH:9
BRDA:12,1,0,0
BRDA:12,1,1,3
BRDA:20,2,0,0
BRDA:20,2,1,0
BRDA:21,3,0,0
BRDA:21,3,1,0
BRDA:31,4,0,0
BRDA:31,4,1,0
BRF:8
BRH:1
end_of_record
TN:
SF:/Users/antonmelbardis/Developement/WDI_GROUP_PROJECT/models/crop.js
FNF:0
FNH:0
DA:1,1
DA:3,1
DA:10,1
LF:3
LH:3
BRF:0
BRH:0
end_of_record
